[    0.000000] Initializing cgroup subsys cpuset
[    0.000000] Initializing cgroup subsys cpu
[    0.000000] Initializing cgroup subsys cpuacct
[    0.000000] Linux version 4.4.0-128-generic (buildd@lcy01-amd64-019) (gcc version 5.4.0 20160609 (Ubuntu 5.4.0-6ubuntu1~16.04.9) ) #154-Ubuntu SMP Fri May 25 14:15:18 UTC 2018 (Ubuntu 4.4.0-128.154-generic 4.4.131)
[    0.000000] Command line: BOOT_IMAGE=/boot/vmlinuz-4.4.0-128-generic root=LABEL=cloudimg-rootfs ro console=tty1 console=ttyS0
[    0.000000] KERNEL supported cpus:
[    0.000000]   Intel GenuineIntel
[    0.000000]   AMD AuthenticAMD
[    0.000000]   Centaur CentaurHauls
[    0.000000] x86/fpu: Legacy x87 FPU detected.
[    0.000000] x86/fpu: Using 'lazy' FPU context switches.
[    0.000000] e820: BIOS-provided physical RAM map:
[    0.000000] BIOS-e820: [mem 0x0000000000000000-0x000000000009fbff] usable
[    0.000000] BIOS-e820: [mem 0x000000000009fc00-0x000000000009ffff] reserved
[    0.000000] BIOS-e820: [mem 0x00000000000f0000-0x00000000000fffff] reserved
[    0.000000] BIOS-e820: [mem 0x0000000000100000-0x000000003ffeffff] usable
[    0.000000] BIOS-e820: [mem 0x000000003fff0000-0x000000003fffffff] ACPI data
[    0.000000] BIOS-e820: [mem 0x00000000fec00000-0x00000000fec00fff] reserved
[    0.000000] BIOS-e820: [mem 0x00000000fee00000-0x00000000fee00fff] reserved
[    0.000000] BIOS-e820: [mem 0x00000000fffc0000-0x00000000ffffffff] reserved
[    0.000000] NX (Execute Disable) protection: active
[    0.000000] SMBIOS 2.5 present.
[    0.000000] Hypervisor detected: KVM
[    0.000000] e820: last_pfn = 0x3fff0 max_arch_pfn = 0x400000000
[    0.000000] MTRR: Disabled
[    0.000000] x86/PAT: MTRRs disabled, skipping PAT initialization too.
[    0.000000] CPU MTRRs all blank - virtualized system.
[    0.000000] x86/PAT: Configuration [0-7]: WB  WT  UC- UC  WB  WT  UC- UC  
[    0.000000] found SMP MP-table at [mem 0x0009fff0-0x0009ffff] mapped at [ffff88000009fff0]
[    0.000000] Scanning 1 areas for low memory corruption
[    0.000000] RAMDISK: [mem 0x36aa2000-0x37548fff]
[    0.000000] ACPI: Early table checksum verification disabled
[    0.000000] ACPI: RSDP 0x00000000000E0000 000024 (v02 VBOX  )
[    0.000000] ACPI: XSDT 0x000000003FFF0030 00003C (v01 VBOX   VBOXXSDT 00000001 ASL  00000061)
[    0.000000] ACPI: FACP 0x000000003FFF00F0 0000F4 (v04 VBOX   VBOXFACP 00000001 ASL  00000061)
[    0.000000] ACPI: DSDT 0x000000003FFF0470 0021FF (v02 VBOX   VBOXBIOS 00000002 INTL 20160108)
[    0.000000] ACPI: FACS 0x000000003FFF0200 000040
[    0.000000] ACPI: FACS 0x000000003FFF0200 000040
[    0.000000] ACPI: APIC 0x000000003FFF0240 00005C (v02 VBOX   VBOXAPIC 00000001 ASL  00000061)
[    0.000000] ACPI: SSDT 0x000000003FFF02A0 0001CC (v01 VBOX   VBOXCPUT 00000002 INTL 20160108)
[    0.000000] No NUMA configuration found
[    0.000000] Faking a node at [mem 0x0000000000000000-0x000000003ffeffff]
[    0.000000] NODE_DATA(0) allocated [mem 0x3ffeb000-0x3ffeffff]
[    0.000000] kvm-clock: Using msrs 4b564d01 and 4b564d00
[    0.000000] kvm-clock: cpu 0, msr 0:3ffe3001, primary cpu clock
[    0.000000] kvm-clock: using sched offset of 3814166058 cycles
[    0.000000] clocksource: kvm-clock: mask: 0xffffffffffffffff max_cycles: 0x1cd42e4dffb, max_idle_ns: 881590591483 ns
[    0.000000] Zone ranges:
[    0.000000]   DMA      [mem 0x0000000000001000-0x0000000000ffffff]
[    0.000000]   DMA32    [mem 0x0000000001000000-0x000000003ffeffff]
[    0.000000]   Normal   empty
[    0.000000]   Device   empty
[    0.000000] Movable zone start for each node
[    0.000000] Early memory node ranges
[    0.000000]   node   0: [mem 0x0000000000001000-0x000000000009efff]
[    0.000000]   node   0: [mem 0x0000000000100000-0x000000003ffeffff]
[    0.000000] Initmem setup node 0 [mem 0x0000000000001000-0x000000003ffeffff]
[    0.000000] ACPI: PM-Timer IO Port: 0x4008
[    0.000000] IOAPIC[0]: apic_id 2, version 32, address 0xfec00000, GSI 0-23
[    0.000000] ACPI: INT_SRC_OVR (bus 0 bus_irq 0 global_irq 2 dfl dfl)
[    0.000000] ACPI: INT_SRC_OVR (bus 0 bus_irq 9 global_irq 9 low level)
[    0.000000] Using ACPI (MADT) for SMP configuration information
[    0.000000] smpboot: Allowing 2 CPUs, 0 hotplug CPUs
[    0.000000] PM: Registered nosave memory: [mem 0x00000000-0x00000fff]
[    0.000000] PM: Registered nosave memory: [mem 0x0009f000-0x0009ffff]
[    0.000000] PM: Registered nosave memory: [mem 0x000a0000-0x000effff]
[    0.000000] PM: Registered nosave memory: [mem 0x000f0000-0x000fffff]
[    0.000000] e820: [mem 0x40000000-0xfebfffff] available for PCI devices
[    0.000000] Booting paravirtualized kernel on KVM
[    0.000000] clocksource: refined-jiffies: mask: 0xffffffff max_cycles: 0xffffffff, max_idle_ns: 7645519600211568 ns
[    0.000000] setup_percpu: NR_CPUS:512 nr_cpumask_bits:512 nr_cpu_ids:2 nr_node_ids:1
[    0.000000] PERCPU: Embedded 34 pages/cpu @ffff88003fc00000 s99544 r8192 d31528 u1048576
[    0.000000] PV qspinlock hash table entries: 256 (order: 0, 4096 bytes)
[    0.000000] Built 1 zonelists in Node order, mobility grouping on.  Total pages: 257912
[    0.000000] Policy zone: DMA32
[    0.000000] Kernel command line: BOOT_IMAGE=/boot/vmlinuz-4.4.0-128-generic root=LABEL=cloudimg-rootfs ro console=tty1 console=ttyS0
[    0.000000] PID hash table entries: 4096 (order: 3, 32768 bytes)
[    0.000000] Memory: 1001612K/1048120K available (8541K kernel code, 1313K rwdata, 4000K rodata, 1512K init, 1316K bss, 46508K reserved, 0K cma-reserved)
[    0.000000] SLUB: HWalign=64, Order=0-3, MinObjects=0, CPUs=2, Nodes=1
[    0.000000] Kernel/User page tables isolation: enabled
[    0.000000] Hierarchical RCU implementation.
[    0.000000] 	Build-time adjustment of leaf fanout to 64.
[    0.000000] 	RCU restricting CPUs from NR_CPUS=512 to nr_cpu_ids=2.
[    0.000000] RCU: Adjusting geometry for rcu_fanout_leaf=64, nr_cpu_ids=2
[    0.000000] NR_IRQS:33024 nr_irqs:440 16
[    0.000000] Console: colour VGA+ 80x25
[    0.000000] console [tty1] enabled
[    0.000000] console [ttyS0] enabled
[    0.000000] tsc: Detected 2393.998 MHz processor
[    0.169061] Calibrating delay loop (skipped) preset value.. 4787.99 BogoMIPS (lpj=9575992)
[    0.170894] pid_max: default: 32768 minimum: 301
[    0.171935] ACPI: Core revision 20150930
[    0.174031] ACPI: 2 ACPI AML tables successfully acquired and loaded
[    0.175477] Security Framework initialized
[    0.176424] Yama: becoming mindful.
[    0.177255] AppArmor: AppArmor initialized
[    0.178255] Dentry cache hash table entries: 131072 (order: 8, 1048576 bytes)
[    0.180489] Inode-cache hash table entries: 65536 (order: 7, 524288 bytes)
[    0.185367] Mount-cache hash table entries: 2048 (order: 2, 16384 bytes)
[    0.186682] Mountpoint-cache hash table entries: 2048 (order: 2, 16384 bytes)
[    0.188304] Initializing cgroup subsys io
[    0.189252] Initializing cgroup subsys memory
[    0.190220] Initializing cgroup subsys devices
[    0.191193] Initializing cgroup subsys freezer
[    0.192172] Initializing cgroup subsys net_cls
[    0.193138] Initializing cgroup subsys perf_event
[    0.194134] Initializing cgroup subsys net_prio
[    0.195136] Initializing cgroup subsys hugetlb
[    0.196137] Initializing cgroup subsys pids
[    0.197124] CPU: Physical Processor ID: 0
[    0.198021] CPU: Processor Core ID: 0
[    0.198897] mce: CPU supports 0 MCE banks
[    0.199825] Last level iTLB entries: 4KB 512, 2MB 7, 4MB 7
[    0.200987] Last level dTLB entries: 4KB 512, 2MB 32, 4MB 32, 1GB 0
[    0.202216] Spectre V2 : Mitigation: Full generic retpoline
[    0.203346] Spectre V2 : Speculation control IBPB not-supported IBRS not-supported
[    0.204778] Speculative Store Bypass: Vulnerable
[    0.208495] Freeing SMP alternatives memory: 32K
[    0.219752] ftrace: allocating 32236 entries in 126 pages
[    0.292575] smpboot: APIC(0) Converting physical 0 to logical package 0
[    0.300274] smpboot: Max logical packages: 1
[    0.301532] x2apic enabled
[    0.302481] Switched APIC routing to physical x2apic.
[    0.304888] ..TIMER: vector=0x30 apic1=0 pin1=2 apic2=-1 pin2=-1
[    0.411189] smpboot: CPU0: Intel(R) Core(TM) i5 CPU       M 520  @ 2.40GHz (family: 0x6, model: 0x25, stepping: 0x5)
[    0.419948] Performance Events: unsupported p6 CPU model 37 no PMU driver, software events only.
[    0.421933] KVM setup paravirtual spinlock
[    0.423743] x86: Booting SMP configuration:
[    0.424681] .... node  #0, CPUs:      #1
[    0.425695] kvm-clock: cpu 1, msr 0:3ffe3041, secondary cpu clock
[    0.426970] mce: CPU supports 0 MCE banks
[    0.429756] x86: Booted up 1 node, 2 CPUs
[    0.430907] smpboot: Total of 2 processors activated (9575.99 BogoMIPS)
[    0.432661] devtmpfs: initialized
[    0.435524] evm: security.selinux
[    0.436317] evm: security.SMACK64
[    0.437092] evm: security.SMACK64EXEC
[    0.437962] evm: security.SMACK64TRANSMUTE
[    0.438894] evm: security.SMACK64MMAP
[    0.439751] evm: security.ima
[    0.440481] evm: security.capability
[    0.441515] clocksource: jiffies: mask: 0xffffffff max_cycles: 0xffffffff, max_idle_ns: 7645041785100000 ns
[    0.443512] futex hash table entries: 512 (order: 3, 32768 bytes)
[    0.444871] pinctrl core: initialized pinctrl subsystem
[    0.446080] RTC time:  0:22:54, date: 07/02/18
[    0.447233] NET: Registered protocol family 16
[    0.459308] cpuidle: using governor ladder
[    0.478840] cpuidle: using governor menu
[    0.480437] PCCT header not found.
[    0.481972] ACPI: bus type PCI registered
[    0.483622] acpiphp: ACPI Hot Plug PCI Controller Driver version: 0.5
[    0.486012] PCI: Using configuration type 1 for base access
[    0.499867] ACPI: Added _OSI(Module Device)
[    0.500864] ACPI: Added _OSI(Processor Device)
[    0.502140] ACPI: Added _OSI(3.0 _SCP Extensions)
[    0.503570] ACPI: Added _OSI(Processor Aggregator Device)
[    0.506270] ACPI: Executed 1 blocks of module-level executable AML code
[    0.510069] ACPI: Interpreter enabled
[    0.510934] ACPI: (supports S0 S5)
[    0.511725] ACPI: Using IOAPIC for interrupt routing
[    0.512934] PCI: Using host bridge windows from ACPI; if necessary, use "pci=nocrs" and report a bug
[    0.519312] ACPI: PCI Root Bridge [PCI0] (domain 0000 [bus 00-ff])
[    0.520540] acpi PNP0A03:00: _OSC: OS supports [ASPM ClockPM Segments MSI]
[    0.521856] acpi PNP0A03:00: _OSC: not requesting OS control; OS requires [ExtendedConfig ASPM ClockPM MSI]
[    0.523865] acpi PNP0A03:00: fail to add MMCONFIG information, can't access extended PCI configuration space under this bridge.
[    0.526383] PCI host bridge to bus 0000:00
[    0.527312] pci_bus 0000:00: root bus resource [io  0x0000-0x0cf7 window]
[    0.528613] pci_bus 0000:00: root bus resource [io  0x0d00-0xffff window]
[    0.529903] pci_bus 0000:00: root bus resource [mem 0x000a0000-0x000bffff window]
[    0.531570] pci_bus 0000:00: root bus resource [mem 0x40000000-0xfdffffff window]
[    0.533175] pci_bus 0000:00: root bus resource [bus 00-ff]
[    0.536053] pci 0000:00:01.1: legacy IDE quirk: reg 0x10: [io  0x01f0-0x01f7]
[    0.537382] pci 0000:00:01.1: legacy IDE quirk: reg 0x14: [io  0x03f6]
[    0.538658] pci 0000:00:01.1: legacy IDE quirk: reg 0x18: [io  0x0170-0x0177]
[    0.540022] pci 0000:00:01.1: legacy IDE quirk: reg 0x1c: [io  0x0376]
[    0.574636] pci 0000:00:07.0: quirk: [io  0x4000-0x403f] claimed by PIIX4 ACPI
[    0.584061] pci 0000:00:07.0: quirk: [io  0x4100-0x410f] claimed by PIIX4 SMB
[    0.607239] ACPI: PCI Interrupt Link [LNKA] (IRQs 5 9 10 *11)
[    0.618353] ACPI: PCI Interrupt Link [LNKB] (IRQs 5 9 *10 11)
[    0.644717] ACPI: PCI Interrupt Link [LNKC] (IRQs 5 *9 10 11)
[    0.655485] ACPI: PCI Interrupt Link [LNKD] (IRQs 5 9 10 *11)
[    0.676646] ACPI: Enabled 2 GPEs in block 00 to 07
[    0.686121] vgaarb: setting as boot device: PCI:0000:00:02.0
[    0.695145] vgaarb: device added: PCI:0000:00:02.0,decodes=io+mem,owns=io+mem,locks=none
[    0.703321] vgaarb: loaded
[    0.704010] vgaarb: bridge control possible 0000:00:02.0
[    0.705402] SCSI subsystem initialized
[    0.706460] ACPI: bus type USB registered
[    0.707429] usbcore: registered new interface driver usbfs
[    0.708667] usbcore: registered new interface driver hub
[    0.710293] usbcore: registered new device driver usb
[    0.712189] PCI: Using ACPI for IRQ routing
[    0.714189] NetLabel: Initializing
[    0.715475] NetLabel:  domain hash size = 128
[    0.716999] NetLabel:  protocols = UNLABELED CIPSOv4
[    0.719381] NetLabel:  unlabeled traffic allowed by default
[    0.720929] amd_nb: Cannot enumerate AMD northbridges
[    0.722619] clocksource: Switched to clocksource kvm-clock
[    0.735687] AppArmor: AppArmor Filesystem Enabled
[    0.743956] pnp: PnP ACPI init
[    0.745771] pnp: PnP ACPI: found 3 devices
[   0.59520] clocksource: acpi_pm: mask: 0xffffff max_cycles: 0xffffff, max_idle_ns: 2085701024 ns
[    0.816398] NET: Registered protocol family 2

[    0.817639] TCP established hash table entries: 8192 (order: 4, 65536 bytes)
[    0.819067] TCP bind hash table entries: 8192 (order: 5, 131072 bytes)
[    0.820338] TCP: Hash tables configured (established 8192 bind 8192)
[    0.821647] UDP hash table entries: 512 (order: 2, 16384 bytes)
[    0.822828] UDP-Lite hash table entries: 512 (order: 2, 16384 bytes)
[    0.824164] NET: Registered protocol family 1
[    0.825265] pci 0000:00:00.0: Limiting direct PCI/PCI transfers
[    0.826992] pci 0000:00:01.0: Activating ISA DMA hang workarounds
[    0.828376] Unpacking initramfs...
[    2.851843] Freeing initrd memory: 10908K
[    2.879368] platform rtc_cmos: registered platform RTC device (no PNP device found)
[    2.881583] Scanning for low memory corruption every 60 seconds
[    2.883760] audit: initializing netlink subsys (disabled)
[    2.885102] audit: type=2000 audit(1530490981.811:1): initialized
[    2.886819] Initialise system trusted keyring
[    2.888368] HugeTLB registered 2 MB page size, pre-allocated 0 pages
[    2.892041] zbud: loaded
[    2.893565] VFS: Disk quotas dquot_6.6.0
[    2.894938] VFS: Dquot-cache hash table entries: 512 (order 0, 4096 bytes)
[    2.897172] squashfs: version 4.0 (2009/01/31) Phillip Lougher
[    2.899425] fuse init (API version 7.23)
[    2.900798] Key type big_key registered
[    2.901837] Allocating IMA MOK and blacklist keyrings.
[    2.904866] Key type asymmetric registered
[    2.906037] Asymmetric key parser 'x509' registered
[    2.907434] Block layer SCSI generic (bsg) driver version 0.4 loaded (major 249)
[    2.909570] io scheduler noop registered
[    2.910686] io scheduler deadline registered (default)
[    2.912180] io scheduler cfq registered
[    2.913546] pci_hotplug: PCI Hot Plug PCI Core version: 0.5
[    2.915188] pciehp: PCI Express Hot Plug Controller Driver version: 0.4
[    2.917222] ACPI: AC Adapter [AC] (off-line)
[    2.918609] input: Power Button as /devices/LNXSYSTM:00/LNXPWRBN:00/input/input0
[    2.920951] ACPI: Power Button [PWRF]
[    2.922206] input: Sleep Button as /devices/LNXSYSTM:00/LNXSLPBN:00/input/input1
[    2.924531] ACPI: Sleep Button [SLPF]
[    2.925818] GHES: HEST is not enabled!
[    2.927595] Serial: 8250/16550 driver, 32 ports, IRQ sharing enabled
[    2.951754] 00:02: ttyS0 at I/O 0x3f8 (irq = 4, base_baud = 115200) is a 16550A
[    2.951756] ACPI: Battery Slot [BAT0] (battery present)
[    3.036557] Linux agpgart interface v0.103
[    3.040644] loop: module loaded
[    3.042343] scsi host0: ata_piix
[    3.043506] scsi host1: ata_piix
[    3.044440] ata1: PATA max UDMA/33 cmd 0x1f0 ctl 0x3f6 bmdma 0xd000 irq 14
[    3.045879] ata2: PATA max UDMA/33 cmd 0x170 ctl 0x376 bmdma 0xd008 irq 15
[    3.047885] libphy: Fixed MDIO Bus: probed
[    3.048971] tun: Universal TUN/TAP device driver, 1.6
[    3.050121] tun: (C) 1999-2004 Max Krasnyansky <maxk@qualcomm.com>
[    3.051722] PPP generic driver version 2.4.2
[    3.052926] ehci_hcd: USB 2.0 'Enhanced' Host Controller (EHCI) Driver
[    3.054322] ehci-pci: EHCI PCI platform driver
[    3.055467] ehci-platform: EHCI generic platform driver
[    3.056645] ohci_hcd: USB 1.1 'Open' Host Controller (OHCI) Driver
[    3.057882] ohci-pci: OHCI PCI platform driver
[    3.058838] ohci-platform: OHCI generic platform driver
[    3.059978] uhci_hcd: USB Universal Host Controller Interface driver
[    3.061326] i8042: PNP: PS/2 Controller [PNP0303:PS2K,PNP0f03:PS2M] at 0x60,0x64 irq 1,12
[    3.063638] serio: i8042 KBD port at 0x60,0x64 irq 1
[    3.064702] serio: i8042 AUX port at 0x60,0x64 irq 12
[    3.066027] mousedev: PS/2 mouse device common for all mice
[    3.068105] input: AT Translated Set 2 keyboard as /devices/platform/i8042/serio0/input/input2
[    3.070168] rtc_cmos rtc_cmos: rtc core: registered rtc_cmos as rtc0
[    3.071573] rtc_cmos rtc_cmos: alarms up to one day, 114 bytes nvram
[    3.072830] i2c /dev entries driver
[    3.073705] device-mapper: uevent: version 1.0.3
[    3.080905] device-mapper: ioctl: 4.34.0-ioctl (2015-10-28) initialised: dm-devel@redhat.com
[    3.082689] ledtrig-cpu: registered to indicate activity on CPUs
[    3.084533] NET: Registered protocol family 10
[    3.085777] NET: Registered protocol family 17
[    3.086746] Key type dns_resolver registered
[    3.088416] registered taskstats version 1
[    3.089335] Loading compiled-in X.509 certificates
[    3.091299] Loaded X.509 cert 'Build time autogenerated kernel key: fc7b57a7df019f2655f66a8a374d74ee8f4999fc'
[    3.093462] zswap: loaded using pool lzo/zbud
[    3.097296] Key type trusted registered
[    3.104255] Key type encrypted registered
[    3.105169] AppArmor: AppArmor sha1 policy hashing enabled
[    3.106269] ima: No TPM chip found, activating TPM-bypass!
[    3.107455] evm: HMAC attrs: 0x1
[    3.108812]   Magic number: 10:972:353
[    3.109956] rtc_cmos rtc_cmos: setting system clock to 2018-07-02 00:22:56 UTC (1530490976)
[    3.112857] BIOS EDD facility v0.16 2004-Jun-25, 0 devices found
[    3.114528] EDD information not available.
[    3.205427] Freeing unused kernel memory: 1512K
[    3.248592] Write protecting the kernel read-only data: 14336k
[    3.250506] Freeing unused kernel memory: 1688K
[    3.252016] Freeing unused kernel memory: 96K
Loading, please wait...
starting version[    3.281586] random: systemd-udevd: uninitialized urandom read (16 bytes read, 2 bits of entropy available)
 229
[    3.283046] random: udevadm: uninitialized urandom read (16 bytes read, 2 bits of entropy available)
[    3.283097] random: udevadm: uninitialized urandom read (16 bytes read, 2 bits of entropy available)
[    3.300890] random: systemd-udevd: uninitialized urandom read (16 bytes read, 2 bits of entropy available)
[    3.303841] random: systemd-udevd: uninitialized urandom read (16 bytes read, 2 bits of entropy available)
[    3.306919] random: systemd-udevd: uninitialized urandom read (16 bytes read, 2 bits of entropy available)
[    3.309623] random: udevadm: uninitialized urandom read (16 bytes read, 2 bits of entropy available)
[    3.309720] random: udevadm: uninitialized urandom read (16 bytes read, 2 bits of entropy available)
[    3.310093] random: udevadm: uninitialized urandom read (16 bytes read, 2 bits of entropy available)
[    3.310241] random: udevadm: uninitialized urandom read (16 bytes read, 2 bits of entropy available)
[    3.409008] e1000: Intel(R) PRO/1000 Network Driver - version 7.3.21-k8-NAPI
[    3.412818] e1000: Copyright (c) 1999-2006 Intel Corporation.
[    3.419960] Fusion MPT base driver 3.04.20
[    3.421461] Copyright (c) 1999-2008 LSI Corporation
[    3.492453] SSE version of gcm_enc/dec engaged.
[    3.495225] Fusion MPT SPI Host driver 3.04.20
[    3.684929] input: ImExPS/2 Generic Explorer Mouse as /devices/platform/i8042/serio1/input/input4
[    3.879633] tsc: Refined TSC clocksource calibration: 2387.494 MHz
[    3.882129] clocksource: tsc: mask: 0xffffffffffffffff max_cycles: 0x226a1187303, max_idle_ns: 440795283401 ns
[    3.895246] e1000 0000:00:03.0 eth0: (PCI:33MHz:32-bit) 02:38:b8:f5:60:7e
[    3.896804] e1000 0000:00:03.0 eth0: Intel(R) PRO/1000 Network Connection
[    4.512975] e1000 0000:00:08.0 eth1: (PCI:33MHz:32-bit) 08:00:27:73:45:00
[    4.514875] e1000 0000:00:08.0 eth1: Intel(R) PRO/1000 Network Connection
[    4.518684] e1000 0000:00:08.0 enp0s8: renamed from eth1
[    4.520806] mptbase: ioc0: Initiating bringup
[    4.531088] e1000 0000:00:03.0 enp0s3: renamed from eth0
[    4.583124] ioc0: LSI53C1030 A0: Capabilities={Initiator}
[    4.747592] scsi host2: ioc0: LSI53C1030 A0, FwRev=00000000h, Ports=1, MaxQ=256, IRQ=20
[    4.863852] scsi 2:0:0:0: Direct-Access     VBOX     HARDDISK         1.0  PQ: 0 ANSI: 5
[    4.995629] scsi target2:0:0: Beginning Domain Validation
[    5.018761] scsi target2:0:0: Domain Validation skipping write tests
[    5.020030] scsi target2:0:0: Ending Domain Validation
[    5.021133] scsi target2:0:0: asynchronous
[    5.022441] scsi 2:0:1:0: Direct-Access     VBOX     HARDDISK         1.0  PQ: 0 ANSI: 5
[    5.024260] scsi target2:0:1: Beginning Domain Validation
[    5.026211] scsi target2:0:1: Domain Validation skipping write tests
[    5.027523] scsi target2:0:1: Ending Domain Validation
[    5.028669] scsi target2:0:1: asynchronous
[    5.037801] sd 2:0:0:0: [sda] 20971520 512-byte logical blocks: (10.7 GB/10.0 GiB)
[    5.038019] sd 2:0:0:0: Attached scsi generic sg0 type 0
[    5.039041] sd 2:0:1:0: [sdb] 20480 512-byte logical blocks: (10.5 MB/10.0 MiB)
[    5.039225] sd 2:0:1:0: [sdb] Write Protect is off
[    5.039342] sd 2:0:1:0: [sdb] Incomplete mode parameter data
[    5.039345] sd 2:0:1:0: [sdb] Assuming drive cache: write through
[    5.040533] sd 2:0:1:0: Attached scsi generic sg1 type 0
[    5.061850] sd 2:0:0:0: [sda] Write Protect is off
[    5.063099] sd 2:0:0:0: [sda] Incomplete mode parameter data
[    5.064254] sd 2:0:0:0: [sda] Assuming drive cache: write through
[    5.079115]  sda: sda1
[    5.081885] sd 2:0:0:0: [sda] Attached SCSI disk
[    5.093599] sd 2:0:1:0: [sdb] Attached SCSI disk
Begin: Loading e[    6.566729] md: linear personality registered for level -1
ssential drivers ... [    6.659940] md: multipath personality registered for level -4
[    6.665387] md: raid0 personality registered for level 0
[    6.679091] md: raid1 personality registered for level 1
[    6.768916] raid6: sse2x1   gen()  6658 MB/s
[    6.864172] raid6: sse2x1   xor()  5996 MB/s
[    6.936629] raid6: sse2x2   gen()  7984 MB/s
[    7.063884] raid6: sse2x2   xor()  6823 MB/s
[    7.179960] raid6: sse2x4   gen()  9052 MB/s
[    7.253512] raid6: sse2x4   xor()  6603 MB/s
[    7.284267] raid6: using algorithm sse2x4 gen() 9052 MB/s
[    7.334194] raid6: .... xor() 6603 MB/s, rmw enabled
[    7.335231] raid6: using ssse3x2 recovery algorithm
[    7.338279] xor: measuring software checksum speed
[    7.378703]    prefetch64-sse: 18541.000 MB/sec
[    7.426650]    generic_sse:  9014.000 MB/sec
[    7.431356] xor: using function: prefetch64-sse (18541.000 MB/sec)
[    7.439858] async_tx: api initialized (async)
[    7.451526] md: raid6 personality registered for level 6
[    7.453225] md: raid5 personality registered for level 5
[    7.459909] md: raid4 personality registered for level 4
[    7.477088] md: raid10 personality registered for level 10
done.
Begin: Running /scripts/init-pre[    7.525016] Btrfs loaded
mount ... done.
Begin: Mounting root file system ... Begin: Running /scripts/local-top ... done.
Begin: Running /scripts/local-premount ... Scanning for Btrfs filesystems
done.
Warning: fsck not present, so skipping root file system
[    7.656525] EXT4-fs (sda1): mounted filesystem with ordered data mode. Opts: (null)
done.
Begin: Running /scripts/local-bottom ... done.
Begin: Running /scripts/init-bottom ... done.
[    9.264208] systemd[1]: systemd 229 running in system mode. (+PAM +AUDIT +SELINUX +IMA +APPARMOR +SMACK +SYSVINIT +UTMP +LIBCRYPTSETUP +GCRYPT +GNUTLS +ACL +XZ -LZ4 +SECCOMP +BLKID +ELFUTILS +KMOD -IDN)
[    9.275013] systemd[1]: Detected virtualization oracle.
[    9.276085] systemd[1]: Detected architecture x86-64.

Welcome to [1mUbuntu 16.04.4 LTS[0m!

[    9.352904] systemd[1]: Set hostname to <ubuntu>.
[    9.392427] systemd[1]: Initializing machine ID from random generator.
[    9.394152] systemd[1]: Installed transient /etc/machine-id file.
[    9.469323] random: nonblocking pool is initialized
[   10.986588] systemd[1]: Listening on LVM2 metadata daemon socket.
[[0;32m  OK  [0m] Listening on LVM2 metadata daemon socket.
[   10.994706] systemd[1]: Started Forward Password Requests to Wall Directory Watch.
[[0;32m  OK  [0m] Started Forward Password Requests to Wall Directory Watch.
[   10.999627] systemd[1]: Listening on Syslog Socket.
[[0;32m  OK  [0m] Listening on Syslog Socket.
[   11.002467] systemd[1]: Created slice User and Session Slice.
[[0;32m  OK  [0m] Created slice User and Session Slice.
[   11.012988] systemd[1]: Listening on Device-mapper event daemon FIFOs.
[[0;32m  OK  [0m] Listening on Device-mapper event daemon FIFOs.
[   11.018538] systemd[1]: Reached target Swap.
[[0;32m  OK  [0m] Reached target Swap.
[   11.020776] systemd[1]: Listening on /dev/initctl Compatibility Named Pipe.
[[0;32m  OK  [0m] Listening on /dev/initctl Compatibility Named Pipe.
[   11.023961] systemd[1]: Reached target User and Group Name Lookups.
[[0;32m  OK  [0m] Reached target User and Group Name Lookups.
[   11.027339] systemd[1]: Reached target Encrypted Volumes.
[[0;32m  OK  [0m] Reached target Encrypted Volumes.
[   11.030402] systemd[1]: Reached target System Time Synchronized.
[[0;32m  OK  [0m] Reached target System Time Synchronized.
[   11.033747] systemd[1]: Started Trigger resolvconf update for networkd DNS.
[[0;32m  OK  [0m] Started Trigger resolvconf update for networkd DNS.
[   11.036837] systemd[1]: Listening on Journal Socket.
[[0;32m  OK  [0m] Listening on Journal Socket.
[   11.039303] systemd[1]: Listening on LVM2 poll daemon socket.
[[0;32m  OK  [0m] Listening on LVM2 poll daemon socket.
[   11.041878] systemd[1]: Listening on Journal Socket (/dev/log).
[[0;32m  OK  [0m] Listening on Journal Socket (/dev/log).
[   11.044891] systemd[1]: Created slice System Slice.
[[0;32m  OK  [0m] Created slice System Slice.
[   11.047267] systemd[1]: Reached target Slices.
[[0;32m  OK  [0m] Reached target Slices.
[   11.066895] systemd[1]: Starting Create list of required static device nodes for the current kernel...
         Starting Create list of required st... nodes for the current kernel...
[   11.075195] systemd[1]: Starting Set console keymap...
         Starting Set console keymap...
[   11.078541] systemd[1]: Starting Monitoring of LVM2 mirrors, snapshots etc. using dmeventd or progress polling...
         Starting Monitoring of LVM2 mirrors... dmeventd or progress polling...
[   11.099461] systemd[1]: Mounting Huge Pages File System...
         Mounting Huge Pages File System...
[   11.103483] systemd[1]: Starting Remount Root and Kernel File Systems...
         Starting Remount Root and Kernel File Systems...
[   11.107716] systemd[1]: Mounting Debug File System...
         Mounting Debug File System...
[   11.111531] systemd[1]: Mounting POSIX Message Queue File System...
         Mounting POSIX Message Queue File System...
[   11.186476] EXT4-fs (sda1): re-mounted. Opts: (null)
[   11.271169] systemd[1]: Starting Load Kernel Modules...
         Starting Load Kernel Modules...
[   11.372307] systemd[1]: Starting Nameserver information manager...
         Starting Nameserver information manager...
[   11.401856] systemd[1]: Listening on Journal Audit Socket.
[[0;32m  OK  [0m] Listening on Journal Audit Socket.
[   11.406809] systemd[1]: Starting Journal Service...
         Starting Journal Service...
[   11.417460] systemd[1]: Created slice system-serial\x2dgetty.slice.
[[0;32m  OK  [0m] Created slice system-serial\x2dgetty.slice.
[   11.420721] systemd[1]: Set up automount Arbitrary Executable File Formats File System Automount Point.
[[0;32m  OK  [0m] Set up automount Arbitrary Executab...ats File System Automount Point.
[   11.595894] systemd[1]: Listening on udev Control Socket.
[[0;32m  OK  [0m] Listening on udev Control Socket.
[   11.616744] systemd[1]: Listening on udev Kernel Socket.
[[0;32m  OK  [0m] Listening on udev Kernel Socket.
[   11.639074] systemd[1]: Starting Uncomplicated firewall...
         Starting Uncomplicated firewall...
[   11.645739] systemd[1]: Mounted Debug File System.
[[0;32m  OK  [0m] Mounted Debug File System.
[   11.650401] systemd[1]: Mounted POSIX Message Queue File System.
[[0;32m  OK  [0m] Mounted POSIX Message Queue File System.
[   11.653552] systemd[1]: Mounted Huge Pages File System.
[[0;32m  OK  [0m] Mounted Huge Pages File System.
[   11.660971] systemd[1]: Started Create list of required static device nodes for the current kernel.
[[0;32m  OK  [0m] Started Create list of required sta...ce nodes for the current kernel.
[   11.667360] systemd[1]: Started Set console keymap.
[[0;32m  OK  [0m] Started Set console keymap.
[   11.671426] systemd[1]: Started Remount Root and Kernel File Systems.
[[0;32m  OK  [0m] Started Remount Root and Kernel File Systems.
[   11.831308] systemd[1]: Starting udev Coldplug all Devices...
[   11.838867] Loading iSCSI transport class v2.0-870.
         Starting udev Coldplug all Devices...
[   11.857886] systemd[1]: Starting Load/Save Random Seed...
         Starting Load/Save Random Seed...
[   11.862391] systemd[1]: Starting Create Static Device Nodes in /dev...
         Starting Create Static Device Nodes in /dev...
[   11.873118] systemd[1]: Started Uncomplicated firewall.
[[0;32m  OK  [0m] Started Uncomplicated firewall.
[   11.876844] systemd[1]: Started Nameserver information manager.
[[0;32m  OK  [0m] Started Nameserver information manager.
[   11.911004] systemd[1]: Started LVM2 metadata daemon.
[[0;32m  OK  [0m] Started LVM2 metadata daemon.
[   11.955720] systemd[1]: Started Load/Save Random Seed.
[[0;32m  OK  [0m] Started Load/Save Random Seed.
[   11.983041] iscsi: registered transport (tcp)
[   12.023485] systemd[1]: Started Journal Service.
[[0;32m  OK  [0m] Started Journal Service.
         Starting Flush Journal to Persistent Storage...
[[0;32m  OK  [0m] Started udev Coldplug all Devices.
[   12.137481] systemd-journald[402]: Received request to flush runtime journal from PID 1
[[0;32m  OK  [0m] Started Flush Journal to Persistent Storage.
[   12.245712] iscsi: registered transport (iser)
[[0;32m  OK  [0m] Started Load Kernel Modules.
         Starting Apply Kernel Variables...
         Mounting FUSE Control File System...
[[0;32m  OK  [0m] Mounted FUSE Control File System.
[[0;32m  OK  [0m] Started Apply Kernel Variables.
[[0;32m  OK  [0m] Started Create Static Device Nodes in /dev.
         Starting udev Kernel Device Manager...
[[0;32m  OK  [0m] Started Monitoring of LVM2 mirrors,...ng dmeventd or progress polling.
[[0;32m  OK  [0m] Started udev Kernel Device Manager.
[[0;32m  OK  [0m] Started Dispatch Password Requests to Console Directory Watch.
[[0;32m  OK  [0m] Reached target Local File Systems (Pre).
[[0;32m  OK  [0m] Reached target Local File Systems.
         Starting Commit a transient machine-id on disk...
         Starting LSB: AppArmor initialization...
         Starting Tell Plymouth To Write Out Runtime Data...
         Starting Set console font and keymap...
         Starting Create Volatile Files and Directories...
         Starting Initial cloud-init job (pre-networking)...
[[0;32m  OK  [0m] Started Tell Plymouth To Write Out Runtime Data.
[[0;32m  OK  [0m] Started Commit a transient machine-id on disk.
[[0;32m  OK  [0m] Started Create Volatile Files and Directories.
         Starting Update UTMP about System Boot/Shutdown...
[[0;32m  OK  [0m] Started Update UTMP about System Boot/Shutdown.
[[0;32m  OK  [0m] Found device /dev/ttyS0.
[[0;32m  OK  [0m] Listening on Load/Save RF Kill Switch Status /dev/rfkill Watch.
[[0;32m  OK  [0m] Started LSB: AppArmor initialization.
[[0;32m  OK  [0m] Started Set console font and keymap.
[[0;32m  OK  [0m] Created slice system-getty.slice.
[   18.867874] cloud-init[498]: Cloud-init v. 18.2 running 'init-local' at Mon, 02 Jul 2018 00:23:11 +0000. Up 18.14 seconds.
[[0;32m  OK  [0m] Started Initial cloud-init job (pre-networking).
[[0;32m  OK  [0m] Reached target Network (Pre).
         Starting Raise network interfaces...
[[0;32m  OK  [0m] Started Raise network interfaces.
[[0;32m  OK  [0m] Reached target Network.
         Starting Initial cloud-init job (metadata service crawler)...
[   22.102945] cloud-init[993]: Cloud-init v. 18.2 running 'init' at Mon, 02 Jul 2018 00:23:13 +0000. Up 19.93 seconds.
[   22.115619] cloud-init[993]: ci-info: ++++++++++++++++++++++++++++++++++++++Net device info++++++++++++++++++++++++++++++++++++++
[   22.127193] cloud-init[993]: ci-info: +--------+-------+----------------------------+---------------+-------+-------------------+
[   22.131689] cloud-init[993]: ci-info: | Device |   Up  |          Address           |      Mask     | Scope |     Hw-Address    |
[   22.137220] cloud-init[993]: ci-info: +--------+-------+----------------------------+---------------+-------+-------------------+
[   22.151139] cloud-init[993]: ci-info: | enp0s3 |  True |         10.0.2.15          | 255.255.255.0 |   .   | 02:38:b8:f5:60:7e |
[   22.154543] cloud-init[993]: ci-info: | enp0s3 |  True | fe80::38:b8ff:fef5:607e/64 |       .       |  link | 02:38:b8:f5:60:7e |
[   22.157988] cloud-init[993]: ci-info: | enp0s8 | False |             .              |       .       |   .   | 08:00:27:73:45:00 |
[   22.161289] cloud-init[993]: ci-info: |   lo   |  True |         127.0.0.1          |   255.0.0.0   |   .   |         .         |
[   22.175405] cloud-init[993]: ci-info: |   lo   |  True |          ::1/128           |       .       |  host |         .         |
[   22.185253] cloud-init[993]: ci-info: +--------+-------+----------------------------+---------------+-------+-------------------+
[   22.185721] cloud-init[993]: ci-info: +++++++++++++++++++++++++++Route IPv4 info++++++++++++++++++++++++++++
[   22.186028] cloud-init[993]: ci-info: +-------+-------------+----------+---------------+-----------+-------+
[   22.186293] cloud-init[993]: ci-info: | Route | Destination | Gateway  |    Genmask    | Interface | Flags |
[   22.186555] cloud-init[993]: ci-info: +-------+-------------+----------+---------------+-----------+-------+
[[0;32m  OK  [0m] Started Initial cloud-init job (metadata service crawler).
[   22.186814] cloud-init[993]: ci-info: |   0   |   0.0.0.0   | 10.0.2.2 |    0.0.0.0    |   enp0s3  |   UG  |
[   22.204296] cloud-init[993]: ci-info: |   1   |   10.0.2.0  | 0.0.0.0  | 255.255.255.0 |   enp0s3  |   U   |
[   22.206563] cloud-init[993]: ci-info: +-------+-------------+----------+---------------+-----------+-------+
[   22.208830] cloud-init[993]: Generating public/private rsa key pair.
[   22.209250] cloud-init[993]: Your identification has been saved in /etc/ssh/ssh_host_rsa_key.
[   22.209529] cloud-init[993]: Your public key has been saved in /etc/ssh/ssh_host_rsa_key.pub.
[   22.209805] cloud-init[993]: The key fingerprint is:
[   22.210079] cloud-init[993]: SHA256:2+nQ4Ef+qaS8J+2QjkrVmGdbZmfX355SvbU0peHIRlE root@ubuntu-xenial
[   22.210355] cloud-init[993]: The key's randomart image is:
[   22.210614] cloud-init[993]: +---[RSA 2048]----+
[   22.210887] cloud-init[993]: |             .E  |
[   22.211149] cloud-init[993]: |            .    |
[   22.211412] cloud-init[993]: |             .   |
[   22.211706] cloud-init[993]: |       +    . ...|
[   22.211950] cloud-init[993]: |      + S =ooo.o+|
[   22.213619] cloud-init[993]: |     . + & ++.o+=|
[   22.213876] cloud-init[993]: |    .   B.B.  o B|
[   22.214137] cloud-init[993]: |   .   +.Bo. o +.|
[   22.214400] cloud-init[993]: |    ... ==+.o ...|
[   22.215492] cloud-init[993]: +----[SHA256]-----+
[   22.215749] cloud-init[993]: Generating public/private dsa key pair.
[   22.216056] cloud-init[993]: Your identification has been saved in /etc/ssh/ssh_host_dsa_key.
[   22.216300] cloud-init[993]: Your public key has been saved in /etc/ssh/ssh_host_dsa_key.pub.
[   22.216554] cloud-init[993]: The key fingerprint is:
[   22.216822] cloud-init[993]: SHA256:xbZmsb0+X+GnsWO+ttv270cN9yRN18Av1C1kIfx5e3M root@ubuntu-xenial
[   22.217102] cloud-init[993]: The key's randomart image is:
[   22.217364] cloud-init[993]: +---[DSA 1024]----+
[   22.217633] cloud-init[993]: |           ..o=+o|
[   22.217896] cloud-init[993]: |         .  .o+ *|
[   22.218172] cloud-init[993]: |          =  o *.|
[   22.218430] cloud-init[993]: |         o =  * *|
[   22.218693] cloud-init[993]: |        S = .  O+|
[   22.218962] cloud-init[993]: |         o   ..oE|
[   22.219226] cloud-init[993]: |            . .o*|
[   22.219494] cloud-init[993]: |           .. +*+|
[   22.219762] cloud-init[993]: |            .*OBO|
[   22.220026] cloud-init[993]: +----[SHA256]-----+
[   22.221133] cloud-init[993]: Generating public/private ecdsa key pair.
[   22.221359] cloud-init[993]: Your identification has been saved in /etc/ssh/ssh_host_ecdsa_key.
[   22.221589] cloud-init[993]: Your public key has been saved in /etc/ssh/ssh_host_ecdsa_key.pub.
[   22.221821] cloud-init[993]: The key fingerprint is:
[   22.222051] cloud-init[993]: SHA256:sQU/VY5+rrhIU9sT8lsc+2Bf69K0F320irCx6zP3j/I root@ubuntu-xenial
[   22.222274] cloud-init[993]: The key's randomart image is:
[   22.222503] cloud-init[993]: +---[ECDSA 256]---+
[   22.222730] cloud-init[993]: |        .   ...  |
[   22.222961] cloud-init[993]: |         o . o   |
[   22.223186] cloud-init[993]: |        . + . .  |
[   22.223421] cloud-init[993]: |         + o    .|
[   22.223645] cloud-init[993]: |        S o o o.o|
[   22.223870] cloud-init[993]: |         + = = *o|
[   22.224137] cloud-init[993]: |        o * = @ =|
[   22.224338] cloud-init[993]: |       . B = O.*+|
[   22.225520] cloud-init[993]: |        ooB.*E+++|
[   22.225743] cloud-init[993]: +----[SHA256]-----+
[   22.225966] cloud-init[993]: Generating public/private ed25519 key pair.
[   22.226196] cloud-init[993]: Your identification has been saved in /etc/ssh/ssh_host_ed25519_key.
[   22.226426] cloud-init[993]: Your public key has been saved in /etc/ssh/ssh_host_ed25519_key.pub.
[   22.226652] cloud-init[993]: The key fingerprint is:
[   22.226879] cloud-init[993]: SHA256:Y7WAJo02eZesos9E3XrwlAHkfAwxg5itMXO+4SRaLiM root@ubuntu-xenial
[   22.227113] cloud-init[993]: The key's randomart image is:
[   22.227332] cloud-init[993]: +--[ED25519 256]--+
[   22.227562] cloud-init[993]: |   + oB.         |
[   22.227788] cloud-init[993]: |  * +* O .       |
[   22.228051] cloud-init[993]: |   B* B O .      |
[   22.228254] cloud-init[993]: |  +.+* = = .     |
[   22.228477] cloud-init[993]: | + +oo+ S .      |
[   22.228708] cloud-init[993]: |E .oo. * .       |
[   22.228933] cloud-init[993]: |.o. . . o        |
[   22.229173] cloud-init[993]: |   +   .         |
[   22.229399] cloud-init[993]: |    o            |
[   22.230384] cloud-init[993]: +----[SHA256]-----+
[[0;32m  OK  [0m] Reached target System Initialization.
[[0;32m  OK  [0m] Started Daily apt download activities.
[[0;32m  OK  [0m] Started Daily apt upgrade and clean activities.
[[0;32m  OK  [0m] Listening on D-Bus System Message Bus Socket.
[[0;32m  OK  [0m] Listening on UUID daemon activation socket.
[[0;32m  OK  [0m] Started Daily Cleanup of Temporary Directories.
[[0;32m  OK  [0m] Reached target Timers.
         Starting LXD - unix socket.
         Starting Socket activation for snappy daemon.
[[0;32m  OK  [0m] Started ACPI Events Check.
[[0;32m  OK  [0m] Reached target Paths.
[[0;32m  OK  [0m] Listening on ACPID Listen Socket.
[[0;32m  OK  [0m] Reached target Network is Online.
         Starting iSCSI initiator daemon (iscsid)...
[[0;32m  OK  [0m] Reached target Cloud-config availability.
[[0;32m  OK  [0m] Listening on LXD - unix socket.
[[0;32m  OK  [0m] Listening on Socket activation for snappy daemon.
[[0;32m  OK  [0m] Reached target Sockets.
[[0;32m  OK  [0m] Reached target Basic System.
         Starting Apply the settings specified in cloud-config...
         Starting Virtualbox guest utils...
[[0;32m  OK  [0m] Started ACPI event daemon.
         Starting LSB: Record successful boot for GRUB...
         Starting Accounts Service...
         Starting /etc/rc.local Compatibility...
[[0;32m  OK  [0m] Started Deferred execution scheduler.
[[0;32m  OK  [0m] Started D-Bus System Message Bus.
         Starting LSB: MD monitoring daemon...
[[0;32m  OK  [0m] Started Regular background program processing daemon.
         Starting System Logging Service...
         Starting Pollinate to seed the pseudo random number generator...
         Starting Login Service...
         Starting Snappy daemon...
[[0;32m  OK  [0m] Started FUSE filesystem for LXC.
         Starting LXD - container startup/shutdown...
[[0;32m  OK  [0m] Started Unattended Upgrades Shutdown.
[[0;32m  OK  [0m] Started /etc/rc.local Compatibility.
[[0;32m  OK  [0m] Started Login Service.
[   23.426449] cloud-init[1082]: Generating locales (this might take a while)...
         Starting Authenticate and Authorize Users to Run Privileged Tasks...
[[0;32m  OK  [0m] Started LSB: Record successful boot for GRUB.
[[0;32m  OK  [0m] Started iSCSI initiator daemon (iscsid).
         Starting Login to default iSCSI targets...
[[0;32m  OK  [0m] Started System Logging Service.
[[0;32m  OK  [0m] Started LSB: MD monitoring daemon.
[[0;32m  OK  [0m] Started Authenticate and Authorize Users to Run Privileged Tasks.
[[0;32m  OK  [0m] Started Accounts Service.
[[0;32m  OK  [0m] Started Login to default iSCSI targets.
[[0;32m  OK  [0m] Reached target Remote File Systems (Pre).
[[0;32m  OK  [0m] Reached target Remote File Systems.
         Starting LSB: automatic crash report generation...
         Starting LSB: Set the CPU Frequency Scaling governor to "ondemand"...
         Starting Permit User Sessions...
         Starting LSB: daemon to balance interrupts for SMP systems...
[[0;32m  OK  [0m] Started LSB: Set the CPU Frequency Scaling governor to "ondemand".
[[0;32m  OK  [0m] Started Permit User Sessions.
         Starting Terminate Plymouth Boot Screen...
         Starting Hold until boot process finishes up...
[[0;32m  OK  [0m] Started LSB: automatic crash report generation.
[[0;32m  OK  [0m] Started Terminate Plymouth Boot Screen.
[[0;32m  OK  [0m] Started Hold until boot process finishes up.
[[0;32m  OK  [0m] Started Serial Getty on ttyS0.
[[0;32m  OK  [0m] Started Getty on tty1.
[[0;32m  OK  [0m] Reached target Login Prompts.
         Starting Set console scheme...
[[0;32m  OK  [0m] Started LSB: daemon to balance interrupts for SMP systems.
[[0;32m  OK  [0m] Started Set console scheme.
[[0;32m  OK  [0m] Started Virtualbox guest utils.
[   26.766853] cloud-init[1082]:   en_US.UTF-8... done
[   26.781931] cloud-init[1082]: Generation complete.
[[0;32m  OK  [0m] Started Pollinate to seed the pseudo random number generator.
         Starting OpenBSD Secure Shell server...
[[0;32m  OK  [0m] Started OpenBSD Secure Shell server.
[[0;32m  OK  [0m] Started LXD - container startup/shutdown.
[[0;32m  OK  [0m] Started Snappy daemon.
         Starting Wait until snapd is fully seeded...
[[0;32m  OK  [0m] Created slice User Slice of vagrant.
         Starting User Manager for UID 1000...
[[0;32m  OK  [0m] Started Session 1 of user vagrant.
[[0;32m  OK  [0m] Started User Manager for UID 1000.
[   29.851115] cloud-init[1082]: Cloud-init v. 18.2 running 'modules:config' at Mon, 02 Jul 2018 00:23:16 +0000. Up 22.72 seconds.

Ubuntu 16.04.4 LTS ubuntu-xenial ttyS0

ubuntu-xenial login: ci-info: no authorized ssh keys fingerprints found for user ubuntu.
<14>Jul  2 00:23:25 ec2: 
<14>Jul  2 00:23:25 ec2: #############################################################
<14>Jul  2 00:23:25 ec2: -----BEGIN SSH HOST KEY FINGERPRINTS-----
<14>Jul  2 00:23:25 ec2: 1024 SHA256:xbZmsb0+X+GnsWO+ttv270cN9yRN18Av1C1kIfx5e3M root@ubuntu-xenial (DSA)
<14>Jul  2 00:23:25 ec2: 256 SHA256:sQU/VY5+rrhIU9sT8lsc+2Bf69K0F320irCx6zP3j/I root@ubuntu-xenial (ECDSA)
<14>Jul  2 00:23:25 ec2: 256 SHA256:Y7WAJo02eZesos9E3XrwlAHkfAwxg5itMXO+4SRaLiM root@ubuntu-xenial (ED25519)
<14>Jul  2 00:23:25 ec2: 2048 SHA256:2+nQ4Ef+qaS8J+2QjkrVmGdbZmfX355SvbU0peHIRlE root@ubuntu-xenial (RSA)
<14>Jul  2 00:23:25 ec2: -----END SSH HOST KEY FINGERPRINTS-----
<14>Jul  2 00:23:25 ec2: #############################################################
-----BEGIN SSH HOST KEY KEYS-----
ecdsa-sha2-nistp256 AAAAE2VjZHNhLXNoYTItbmlzdHAyNTYAAAAIbmlzdHAyNTYAAABBBHCjtVKBFlYEH8DvdPsRuL9gssn9lA4oScI2l9frxDcM2Dz4I6K1VmmbJRB4l/NgYfBoidQfWgmBmhg3fgWloGc= root@ubuntu-xenial
ssh-ed25519 AAAAC3NzaC1lZDI1NTE5AAAAINTE5FHeQ2ycrdWcZGiYRgIThcqPDIgPmx/B4Ex4VZzW root@ubuntu-xenial
ssh-rsa AAAAB3NzaC1yc2EAAAADAQABAAABAQDc9Wuzto6pFb+7RiJEMwzqlUtDqTDvIKASSTEtzXk8AuNdHLkA8WWg6hviBHuRxlhjcJ4O96TIBROX6/cjsa2gmr9/XyAvIo0N3ADHKjnK+xA8MYHroB/UHfz7Js+MZC8Hmj21l4Y0JUn1whVtXBME/q2eqU+yKTwiKhc6MLTzpEZgDWknSKIgDSXOh7MPGORL51+JHoimHJ4glGZ8jQu8SLVmtHIJqnTaK8bJoR0TIMRA4Bje7gV3LMt3oZP/0EASB1B/6ZqmO54M/q1bCi4yu5h1yRJW7e7LtGgVf3x22Dk3riSkIAAF3EA4G7rXBr11ghKTaxfPVxFkxbXFqBGj root@ubuntu-xenial
-----END SSH HOST KEY KEYS-----
[   31.841147] cloud-init[1434]: Cloud-init v. 18.2 running 'modules:final' at Mon, 02 Jul 2018 00:23:25 +0000. Up 31.43 seconds.
[   31.844374] cloud-init[1434]: ci-info: no authorized ssh keys fingerprints found for user ubuntu.
[   31.848938] cloud-init[1434]: Cloud-init v. 18.2 finished at Mon, 02 Jul 2018 00:23:25 +0000. Datasource DataSourceNoCloud [seed=/dev/sdb][dsmode=net].  Up 31.82 seconds
